<?xml version="1.0" encoding="UTF-8"?>
<!-- Generated by org.testng.reporters.JUnitReportReporter -->
<testsuite hostname="LAPTOP-G790OGBU" name="com.menumitratCommonAPITestScript.ManagerUpdateTestScript" tests="3" failures="0" timestamp="9 May 2025 13:39:13 GMT" time="0.506" errors="0">
  <testcase name="updateManagerPositive" time="0.150" classname="com.menumitratCommonAPITestScript.ManagerUpdateTestScript"/>
  <testcase name="updateManagerPositive" time="0.166" classname="com.menumitratCommonAPITestScript.ManagerUpdateTestScript"/>
  <testcase name="updateManagerPositive" time="0.190" classname="com.menumitratCommonAPITestScript.ManagerUpdateTestScript"/>
</testsuite> <!-- com.menumitratCommonAPITestScript.ManagerUpdateTestScript -->
